mode: set
github.com/leon123858/tsmc-meal-order/user/service/auth.go:11.69,12.42 1 0
github.com/leon123858/tsmc-meal-order/user/service/auth.go:12.42,15.18 2 0
github.com/leon123858/tsmc-meal-order/user/service/auth.go:15.18,17.4 1 0
github.com/leon123858/tsmc-meal-order/user/service/auth.go:19.3,19.47 1 0
github.com/leon123858/tsmc-meal-order/user/service/auth.go:19.47,21.4 1 0
github.com/leon123858/tsmc-meal-order/user/service/auth.go:22.3,25.17 3 0
github.com/leon123858/tsmc-meal-order/user/service/auth.go:25.17,27.4 1 0
github.com/leon123858/tsmc-meal-order/user/service/auth.go:29.3,30.17 2 0
github.com/leon123858/tsmc-meal-order/user/service/auth.go:34.76,35.36 1 0
github.com/leon123858/tsmc-meal-order/user/service/auth.go:35.36,39.22 3 0
github.com/leon123858/tsmc-meal-order/user/service/auth.go:39.22,41.4 1 0
github.com/leon123858/tsmc-meal-order/user/service/auth.go:43.3,44.10 2 0
github.com/leon123858/tsmc-meal-order/user/service/auth.go:44.10,48.19 2 0
github.com/leon123858/tsmc-meal-order/user/service/auth.go:48.19,50.5 1 0
github.com/leon123858/tsmc-meal-order/user/service/auth.go:52.3,53.17 2 0
github.com/leon123858/tsmc-meal-order/user/service/firebase.go:14.33,19.16 3 0
github.com/leon123858/tsmc-meal-order/user/service/firebase.go:19.16,21.3 1 0
github.com/leon123858/tsmc-meal-order/user/service/firebase.go:22.2,23.16 2 0
github.com/leon123858/tsmc-meal-order/user/service/firebase.go:23.16,25.3 1 0
github.com/leon123858/tsmc-meal-order/user/service/firebase.go:26.2,27.16 2 0
github.com/leon123858/tsmc-meal-order/user/service/firebase.go:27.16,29.3 1 0
github.com/leon123858/tsmc-meal-order/user/service/firebase.go:30.2,30.12 1 0
github.com/leon123858/tsmc-meal-order/user/service/pubsub.go:26.72,28.16 2 1
github.com/leon123858/tsmc-meal-order/user/service/pubsub.go:28.16,30.3 1 0
github.com/leon123858/tsmc-meal-order/user/service/pubsub.go:31.2,31.12 1 1
github.com/leon123858/tsmc-meal-order/user/service/pubsub.go:34.76,35.26 1 0
github.com/leon123858/tsmc-meal-order/user/service/pubsub.go:35.26,37.3 1 0
github.com/leon123858/tsmc-meal-order/user/service/pubsub.go:38.2,39.16 2 0
github.com/leon123858/tsmc-meal-order/user/service/pubsub.go:39.16,41.3 1 0
github.com/leon123858/tsmc-meal-order/user/service/pubsub.go:42.2,45.8 1 0
github.com/leon123858/tsmc-meal-order/user/service/pubsub.go:48.82,52.16 4 0
github.com/leon123858/tsmc-meal-order/user/service/pubsub.go:52.16,54.3 1 0
github.com/leon123858/tsmc-meal-order/user/service/pubsub.go:55.2,59.16 3 0
github.com/leon123858/tsmc-meal-order/user/service/pubsub.go:59.16,61.3 1 0
github.com/leon123858/tsmc-meal-order/user/service/pubsub.go:62.2,62.12 1 0
